<?xml version="1.0" encoding="UTF-8"?>
<!-- Generated by org.testng.reporters.JUnitXMLReporter -->
<testsuite ignored="0" hostname="LAPTOP-3289GG6B" failures="0" tests="3" name="Test" time="0.328" errors="0" timestamp="2022-09-11T14:57:19 IST">
  <testcase classname="genericLibrary.BaseClass" name="@BeforeMethod openApp" time="0.265">
    <failure type="io.github.bonigarcia.wdm.config.WebDriverManagerException" message="Exception reading resolution cache as a properties file">
      <![CDATA[io.github.bonigarcia.wdm.config.WebDriverManagerException: Exception reading resolution cache as a properties file
at io.github.bonigarcia.wdm.cache.ResolutionCache.<init>(ResolutionCache.java:86)
at io.github.bonigarcia.wdm.WebDriverManager.<init>(WebDriverManager.java:193)
at io.github.bonigarcia.wdm.managers.ChromeDriverManager.<init>(ChromeDriverManager.java:47)
at io.github.bonigarcia.wdm.WebDriverManager.chromedriver(WebDriverManager.java:204)
at genericLibrary.BaseClass.openApp(BaseClass.java:23)
at java.base/java.util.ArrayList.forEach(ArrayList.java:1511)
Caused by: java.io.IOException: The system cannot find the path specified
at java.base/java.io.WinNTFileSystem.createFileExclusively(Native Method)
at java.base/java.io.File.createNewFile(File.java:1043)
at io.github.bonigarcia.wdm.cache.ResolutionCache.<init>(ResolutionCache.java:75)
... 34 more
... Removed 29 stack frames]]>
    </failure>
  </testcase> <!-- @BeforeMethod openApp -->
  <testcase classname="genericLibrary.BaseClass" name="@AfterMethod closeApp" time="-1.662888439705E9">
    <skipped/>
  </testcase> <!-- @AfterMethod closeApp -->
  <testcase classname="genericLibrary.BaseClass" name="@BeforeMethod openApp" time="0.006">
    <failure type="io.github.bonigarcia.wdm.config.WebDriverManagerException" message="Exception reading resolution cache as a properties file">
      <![CDATA[io.github.bonigarcia.wdm.config.WebDriverManagerException: Exception reading resolution cache as a properties file
at io.github.bonigarcia.wdm.cache.ResolutionCache.<init>(ResolutionCache.java:86)
at io.github.bonigarcia.wdm.WebDriverManager.<init>(WebDriverManager.java:193)
at io.github.bonigarcia.wdm.managers.ChromeDriverManager.<init>(ChromeDriverManager.java:47)
at io.github.bonigarcia.wdm.WebDriverManager.chromedriver(WebDriverManager.java:204)
at genericLibrary.BaseClass.openApp(BaseClass.java:23)
at java.base/java.util.ArrayList.forEach(ArrayList.java:1511)
Caused by: java.io.IOException: The system cannot find the path specified
at java.base/java.io.WinNTFileSystem.createFileExclusively(Native Method)
at java.base/java.io.File.createNewFile(File.java:1043)
at io.github.bonigarcia.wdm.cache.ResolutionCache.<init>(ResolutionCache.java:75)
... 34 more
... Removed 29 stack frames]]>
    </failure>
  </testcase> <!-- @BeforeMethod openApp -->
  <testcase classname="genericLibrary.BaseClass" name="@AfterMethod closeApp" time="-1.662888439719E9">
    <skipped/>
  </testcase> <!-- @AfterMethod closeApp -->
  <testcase classname="genericLibrary.BaseClass" name="@BeforeMethod openApp" time="0.005">
    <failure type="io.github.bonigarcia.wdm.config.WebDriverManagerException" message="Exception reading resolution cache as a properties file">
      <![CDATA[io.github.bonigarcia.wdm.config.WebDriverManagerException: Exception reading resolution cache as a properties file
at io.github.bonigarcia.wdm.cache.ResolutionCache.<init>(ResolutionCache.java:86)
at io.github.bonigarcia.wdm.WebDriverManager.<init>(WebDriverManager.java:193)
at io.github.bonigarcia.wdm.managers.ChromeDriverManager.<init>(ChromeDriverManager.java:47)
at io.github.bonigarcia.wdm.WebDriverManager.chromedriver(WebDriverManager.java:204)
at genericLibrary.BaseClass.openApp(BaseClass.java:23)
at java.base/java.util.ArrayList.forEach(ArrayList.java:1511)
Caused by: java.io.IOException: The system cannot find the path specified
at java.base/java.io.WinNTFileSystem.createFileExclusively(Native Method)
at java.base/java.io.File.createNewFile(File.java:1043)
at io.github.bonigarcia.wdm.cache.ResolutionCache.<init>(ResolutionCache.java:75)
... 34 more
... Removed 29 stack frames]]>
    </failure>
  </testcase> <!-- @BeforeMethod openApp -->
  <testcase classname="genericLibrary.BaseClass" name="@AfterMethod closeApp" time="-1.662888439731E9">
    <skipped/>
  </testcase> <!-- @AfterMethod closeApp -->
  <testcase classname="script.Testcase" name="tc1" time="0.0">
    <skipped/>
  </testcase> <!-- tc1 -->
  <testcase classname="script.Testcase3" name="tc3" time="0.0">
    <skipped/>
  </testcase> <!-- tc3 -->
  <testcase classname="script.Testcase2" name="tc2" time="0.0">
    <skipped/>
  </testcase> <!-- tc2 -->
</testsuite> <!-- Test -->
